<?xml version="1.0" encoding="UTF-8"?>
<!-- Generated by org.testng.reporters.JUnitReportReporter -->
<testsuite hostname="DESKTOP-4895GAU" failures="0" tests="3" name="tests.CreateUserTest" time="2.729" errors="0" timestamp="2025-01-07T23:51:02 GMT-06:00" skipped="0">
  <testcase classname="tests.CreateUserTest" name="validateCreateUserFromExcel" time="0.355"/>
  <testcase classname="tests.CreateUserTest" name="validateCreateUserFromExcel" time="0.273"/>
  <testcase classname="tests.CreateUserTest" name="validateCreateUserFromExcel" time="2.101"/>
</testsuite> <!-- tests.CreateUserTest -->
