<?xml version="1.0" encoding="UTF-8"?>
<!-- Generated by org.testng.reporters.JUnitReportReporter -->
<testsuite hostname="DESKTOP-4895GAU" failures="0" tests="2" name="tests.DynamicRequestTest" time="3.170" errors="0" timestamp="2025-01-07T17:21:20 GMT-06:00" skipped="0">
  <testcase classname="tests.DynamicRequestTest" name="testGetUsersWithHeadersAndParams" time="2.189"/>
  <testcase classname="tests.DynamicRequestTest" name="testPostRequest" time="0.981"/>
</testsuite> <!-- tests.DynamicRequestTest -->
