<?xml version="1.0" encoding="UTF-8"?>
<!-- Generated by org.testng.reporters.JUnitReportReporter -->
<testsuite hostname="DESKTOP-4895GAU" failures="0" tests="1" name="com.api.automation.restassured_framework.AppTest" time="0.004" errors="0" timestamp="2025-01-07T17:21:20 GMT-06:00" skipped="0">
  <testcase classname="com.api.automation.restassured_framework.AppTest" name="shouldAnswerWithTrue" time="0.004"/>
</testsuite> <!-- com.api.automation.restassured_framework.AppTest -->
