<?xml version="1.0" encoding="UTF-8"?>
<!-- Generated by org.testng.reporters.JUnitReportReporter -->
<testsuite hostname="DESKTOP-4895GAU" failures="0" tests="2" name="tests.ResponseValidationTest" time="0.470" errors="0" timestamp="2025-01-07T17:20:29 GMT-06:00" skipped="0">
  <testcase classname="tests.ResponseValidationTest" name="testGetUserValidation" time="0.149"/>
  <testcase classname="tests.ResponseValidationTest" name="testPostRequestValidation" time="0.321"/>
</testsuite> <!-- tests.ResponseValidationTest -->
