<?xml version="1.0" encoding="UTF-8"?>
<!-- Generated by org.testng.reporters.JUnitReportReporter -->
<testsuite hostname="DESKTOP-4895GAU" failures="0" tests="2" name="tests.DynamicRequestTest" time="3.633" errors="0" timestamp="2025-01-07T17:20:29 GMT-06:00" skipped="0">
  <testcase classname="tests.DynamicRequestTest" name="testPostRequest" time="1.119"/>
  <testcase classname="tests.DynamicRequestTest" name="testGetUsersWithHeadersAndParams" time="2.514"/>
</testsuite> <!-- tests.DynamicRequestTest -->
