<?xml version="1.0" encoding="UTF-8"?>
<!-- Generated by org.testng.reporters.JUnitReportReporter -->
<testsuite hostname="DESKTOP-4895GAU" failures="0" tests="1" name="tests.GetUsersTest" time="0.224" errors="0" timestamp="2025-01-07T17:20:29 GMT-06:00" skipped="0">
  <testcase classname="tests.GetUsersTest" name="verifyGetUsers" time="0.224"/>
</testsuite> <!-- tests.GetUsersTest -->
